дек. 19, 2022 11:53:21 AM org.apache.coyote.AbstractProtocol init
INFO: Initializing ProtocolHandler ["http-nio-auto-1"]
дек. 19, 2022 11:53:21 AM org.apache.tomcat.util.net.NioSelectorPool getSharedSelector
INFO: Using a shared selector for servlet write/read
дек. 19, 2022 11:53:21 AM org.apache.catalina.core.StandardService startInternal
INFO: Starting service [Tomcat]
дек. 19, 2022 11:53:21 AM org.apache.catalina.core.StandardEngine startInternal
INFO: Starting Servlet engine: [Apache Tomcat/8.5.69]
дек. 19, 2022 11:53:21 AM org.apache.coyote.AbstractProtocol start
INFO: Starting ProtocolHandler ["http-nio-auto-1-53543"]
дек. 19, 2022 11:53:22 AM exercise.servlet.SessionServlet login
INFO: lavern.keeling@gmail.com
дек. 19, 2022 11:53:22 AM exercise.servlet.SessionServlet login
INFO: shoshana.haley@hotmail.com
дек. 19, 2022 11:53:22 AM exercise.servlet.SessionServlet login
INFO: suzann.barrows@hotmail.com
дек. 19, 2022 11:53:22 AM exercise.servlet.SessionServlet login
INFO: lavern.keeling@gmail.com
дек. 19, 2022 11:53:22 AM exercise.servlet.SessionServlet login
INFO: lavern.keeling@gmail.com
дек. 19, 2022 11:53:22 AM exercise.servlet.SessionServlet login
INFO: lavern.keeling@gmail.com
дек. 19, 2022 11:53:22 AM org.apache.coyote.AbstractProtocol pause
INFO: Pausing ProtocolHandler ["http-nio-auto-1-53543"]
дек. 19, 2022 11:53:22 AM org.apache.catalina.core.StandardService stopInternal
INFO: Stopping service [Tomcat]
дек. 19, 2022 11:53:22 AM org.apache.catalina.loader.WebappClassLoaderBase clearReferencesObjectStreamClassCaches
WARNING: When running on Java 9 or later you need to add "--add-opens=java.base/java.io=null" to the JVM command line arguments to enable ObjectStream cache memory leak protection. Alternatively, you can suppress this warning by disabling ObjectStream class cache memory leak protection.
дек. 19, 2022 11:53:22 AM org.apache.catalina.loader.WebappClassLoaderBase clearReferencesRmiTargets
WARNING: When running on Java 9 or later you need to add "--add-opens=java.rmi/sun.rmi.transport=null" to the JVM command line arguments to enable RMI Target memory leak detection. Alternatively, you can suppress this warning by disabling RMI Target memory leak detection.
дек. 19, 2022 11:53:22 AM org.apache.coyote.AbstractProtocol stop
INFO: Stopping ProtocolHandler ["http-nio-auto-1-53543"]
